SF:C:\lab\coderetreat\verbsovernouns\gol\ChangeCellState.cs
FN:5,System.Void gol.ChangeCellState::.cctor()
FNDA:1,System.Void gol.ChangeCellState::.cctor()
DA:6,1
DA:7,1
DA:8,1
DA:9,1
LF:4
LH:4
BRF:0
BRH:0
FNF:1
FNH:1
end_of_record
SF:C:\lab\coderetreat\verbsovernouns\gol\CountLivingNeighbours.cs
FN:17,System.Int32 gol.CountLivingNeighbours::NumberOfLivingNeighboursOf(gol.LocateCellAt)
FNDA:123,System.Int32 gol.CountLivingNeighbours::NumberOfLivingNeighboursOf(gol.LocateCellAt)
DA:18,123
DA:19,123
DA:20,979
DA:21,123
FN:10,System.Void gol.CountLivingNeighbours::.ctor(gol.LocateAdjacentCells,gol.LocateLivingCells)
FNDA:3,System.Void gol.CountLivingNeighbours::.ctor(gol.LocateAdjacentCells,gol.LocateLivingCells)
DA:11,3
DA:12,3
DA:13,3
DA:14,3
DA:15,3
LF:9
LH:9
BRF:0
BRH:0
FNF:2
FNH:2
end_of_record
SF:C:\lab\coderetreat\verbsovernouns\gol\DetermineCellActionByApplyingAllRules.cs
FN:16,gol.ChangeCellState gol.DetermineCellActionByApplyingAllRules::DetermineCellAction()
FNDA:139,gol.ChangeCellState gol.DetermineCellActionByApplyingAllRules::DetermineCellAction()
DA:17,139
DA:18,139
DA:19,12
DA:20,12
DA:21,12
DA:22,12
DA:23,12
DA:24,12
DA:26,33
DA:29,127
DA:30,127
DA:32,139
BRDA:18,9,0,12
BRDA:26,83,0,1
BRDA:26,83,1,12
BRDA:26,113,0,10
BRDA:26,113,1,2
BRDA:18,9,1,127
FN:9,System.Void gol.DetermineCellActionByApplyingAllRules::.ctor(System.Boolean,System.Int32)
FNDA:139,System.Void gol.DetermineCellActionByApplyingAllRules::.ctor(System.Boolean,System.Int32)
DA:10,139
DA:11,139
DA:12,139
DA:13,139
DA:14,139
LF:17
LH:17
BRF:6
BRH:6
FNF:2
FNH:2
end_of_record
SF:C:\lab\coderetreat\verbsovernouns\gol\DetermineIfCellDiesDueToOverpopulation.cs
FN:12,gol.ChangeCellState gol.DetermineIfCellDiesDueToOverpopulation::DetermineCellAction()
FNDA:21,gol.ChangeCellState gol.DetermineIfCellDiesDueToOverpopulation::DetermineCellAction()
DA:13,21
DA:14,21
DA:15,10
DA:17,11
DA:18,21
BRDA:14,12,0,10
BRDA:14,12,1,11
FN:6,System.Void gol.DetermineIfCellDiesDueToOverpopulation::.ctor(System.Int32)
FNDA:21,System.Void gol.DetermineIfCellDiesDueToOverpopulation::.ctor(System.Int32)
DA:7,21
DA:8,21
DA:9,21
DA:10,21
LF:9
LH:9
BRF:2
BRH:2
FNF:2
FNH:2
end_of_record
SF:C:\lab\coderetreat\verbsovernouns\gol\DetermineIfCellDiesDueToUnderpopulation.cs
FN:12,gol.ChangeCellState gol.DetermineIfCellDiesDueToUnderpopulation::DetermineCellAction()
FNDA:21,gol.ChangeCellState gol.DetermineIfCellDiesDueToUnderpopulation::DetermineCellAction()
DA:13,21
DA:14,21
DA:15,7
DA:17,14
DA:18,21
BRDA:14,12,0,7
BRDA:14,12,1,14
FN:6,System.Void gol.DetermineIfCellDiesDueToUnderpopulation::.ctor(System.Int32)
FNDA:21,System.Void gol.DetermineIfCellDiesDueToUnderpopulation::.ctor(System.Int32)
DA:7,21
DA:8,21
DA:9,21
DA:10,21
LF:9
LH:9
BRF:2
BRH:2
FNF:2
FNH:2
end_of_record
SF:C:\lab\coderetreat\verbsovernouns\gol\DetermineIfCellRessurectsWhenInHabitableZone.cs
FN:12,gol.ChangeCellState gol.DetermineIfCellRessurectsWhenInHabitableZone::DetermineCellAction()
FNDA:136,gol.ChangeCellState gol.DetermineIfCellRessurectsWhenInHabitableZone::DetermineCellAction()
DA:13,136
DA:14,136
DA:15,3
DA:17,133
DA:18,136
BRDA:14,12,0,3
BRDA:14,12,1,133
FN:6,System.Void gol.DetermineIfCellRessurectsWhenInHabitableZone::.ctor(System.Int32)
FNDA:136,System.Void gol.DetermineIfCellRessurectsWhenInHabitableZone::.ctor(System.Int32)
DA:7,136
DA:8,136
DA:9,136
DA:10,136
LF:9
LH:9
BRF:2
BRH:2
FNF:2
FNH:2
end_of_record
SF:C:\lab\coderetreat\verbsovernouns\gol\DetermineIfCellSurvivesWhenInHabitableZone.cs
FN:12,gol.ChangeCellState gol.DetermineIfCellSurvivesWhenInHabitableZone::DetermineCellAction()
FNDA:21,gol.ChangeCellState gol.DetermineIfCellSurvivesWhenInHabitableZone::DetermineCellAction()
DA:13,21
DA:14,21
DA:15,4
DA:17,17
DA:18,21
BRDA:14,8,0,19
BRDA:14,8,1,2
BRDA:14,24,0,4
BRDA:14,24,1,17
FN:6,System.Void gol.DetermineIfCellSurvivesWhenInHabitableZone::.ctor(System.Int32)
FNDA:21,System.Void gol.DetermineIfCellSurvivesWhenInHabitableZone::.ctor(System.Int32)
DA:7,21
DA:8,21
DA:9,21
DA:10,21
LF:9
LH:9
BRF:4
BRH:4
FNF:2
FNH:2
end_of_record
SF:C:\lab\coderetreat\verbsovernouns\gol\EnumerateCells.cs
FN:22,System.Boolean gol.EnumerateCells::IsWithinRange(gol.LocateCellAt)
FNDA:1008,System.Boolean gol.EnumerateCells::IsWithinRange(gol.LocateCellAt)
DA:23,1008
DA:24,1008
DA:25,1008
FN:13,System.Void gol.EnumerateCells::.ctor(gol.LocateCellAt,gol.LocateCellAt)
FNDA:7,System.Void gol.EnumerateCells::.ctor(gol.LocateCellAt,gol.LocateCellAt)
DA:14,7
DA:15,7
DA:16,7
DA:17,7
DA:18,7
DA:19,7
DA:20,7
FN:27,System.Boolean gol.EnumerateCells/<All>d__6::MoveNext()
FNDA:1010,System.Boolean gol.EnumerateCells/<All>d__6::MoveNext()
DA:28,1010
DA:29,13400
DA:30,146056
DA:31,67338
DA:32,140
BRDA:28,14,0,0
BRDA:29,211,1,6560
BRDA:30,164,1,67338
BRDA:28,14,1,66468
BRDA:30,164,0,5690
BRDA:29,211,0,140
LF:15
LH:15
BRF:6
BRH:5
FNF:3
FNH:3
end_of_record
SF:C:\lab\coderetreat\verbsovernouns\gol\LocateAdjacentCells.cs
FN:16,System.Collections.Generic.IEnumerable`1<gol.LocateCellAt> gol.LocateAdjacentCells::DetermineNeighbourhoodOf(gol.LocateCellAt)
FNDA:126,System.Collections.Generic.IEnumerable`1<gol.LocateCellAt> gol.LocateAdjacentCells::DetermineNeighbourhoodOf(gol.LocateCellAt)
DA:17,126
DA:18,126
DA:19,1134
DA:20,126
FN:10,System.Void gol.LocateAdjacentCells::.ctor(gol.EnumerateCells)
FNDA:6,System.Void gol.LocateAdjacentCells::.ctor(gol.EnumerateCells)
DA:11,6
DA:12,6
DA:13,6
DA:14,6
LF:8
LH:8
BRF:0
BRH:0
FNF:2
FNH:2
end_of_record
SF:C:\lab\coderetreat\verbsovernouns\gol\LocateCellAt.cs
FN:9,System.Boolean gol.LocateCellAt::IsAt(System.Int32,System.Int32,gol.LocateCellAt)
FNDA:1,System.Boolean gol.LocateCellAt::IsAt(System.Int32,System.Int32,gol.LocateCellAt)
DA:10,1
DA:11,1
DA:12,1
FN:23,gol.LocateCellAt gol.LocateCellAt::CellAtOffset(gol.LocateCellAt)
FNDA:1008,gol.LocateCellAt gol.LocateCellAt::CellAtOffset(gol.LocateCellAt)
DA:24,1008
DA:25,1008
DA:26,1008
FN:28,System.ValueTuple`2<System.Int32,System.Int32> gol.LocateCellAt::DistanceTo(gol.LocateCellAt)
FNDA:14,System.ValueTuple`2<System.Int32,System.Int32> gol.LocateCellAt::DistanceTo(gol.LocateCellAt)
DA:29,14
DA:30,14
DA:31,14
FN:33,System.Collections.Generic.IEnumerable`1<gol.LocateCellAt> gol.LocateCellAt::DetermineNeighbourhood()
FNDA:126,System.Collections.Generic.IEnumerable`1<gol.LocateCellAt> gol.LocateCellAt::DetermineNeighbourhood()
DA:34,126
DA:35,126
DA:36,126
DA:37,126
DA:38,126
DA:39,126
DA:40,1134
DA:41,1134
DA:42,126
BRDA:35,125,0,1
BRDA:35,125,1,126
FN:44,System.Boolean gol.LocateCellAt::Equals(System.Object)
FNDA:67121,System.Boolean gol.LocateCellAt::Equals(System.Object)
DA:45,67121
DA:46,67121
DA:47,67121
DA:48,67121
DA:49,67121
BRDA:46,9,0,67121
BRDA:46,23,0,5819
BRDA:46,9,1,61302
BRDA:46,23,1,61302
FN:51,System.Int32 gol.LocateCellAt::GetHashCode()
FNDA:1095,System.Int32 gol.LocateCellAt::GetHashCode()
DA:52,1095
DA:53,1095
DA:54,1095
FN:16,System.Void gol.LocateCellAt::.ctor(System.Int32,System.Int32)
FNDA:69391,System.Void gol.LocateCellAt::.ctor(System.Int32,System.Int32)
DA:17,69391
DA:18,69391
DA:19,69391
DA:20,69391
DA:21,69391
LF:31
LH:31
BRF:6
BRH:6
FNF:7
FNH:7
end_of_record
SF:C:\lab\coderetreat\verbsovernouns\gol\LocateLivingCells.cs
FN:15,System.Void gol.LocateLivingCells::Resurrect(gol.LocateCellAt)
FNDA:8,System.Void gol.LocateLivingCells::Resurrect(gol.LocateCellAt)
DA:16,8
DA:17,8
DA:18,8
FN:20,System.Void gol.LocateLivingCells::Die(gol.LocateCellAt)
FNDA:120,System.Void gol.LocateLivingCells::Die(gol.LocateCellAt)
DA:21,120
DA:22,120
DA:23,120
FN:25,System.Boolean gol.LocateLivingCells::IsAlive(gol.LocateCellAt)
FNDA:979,System.Boolean gol.LocateLivingCells::IsAlive(gol.LocateCellAt)
DA:26,979
DA:27,979
DA:28,979
FN:30,System.Int32 gol.LocateLivingCells::NumberOfLivingCells()
FNDA:1,System.Int32 gol.LocateLivingCells::NumberOfLivingCells()
DA:31,1
DA:32,1
DA:33,1
FN:35,System.Void gol.LocateLivingCells::Apply(gol.ChangeCellState,gol.LocateCellAt)
FNDA:121,System.Void gol.LocateLivingCells::Apply(gol.ChangeCellState,gol.LocateCellAt)
DA:36,121
DA:37,121
DA:41,120
DA:42,120
DA:46,1
DA:47,1
DA:49,121
BRDA:37,17,0,4
BRDA:37,28,0,1
BRDA:37,39,0,0
BRDA:37,17,1,120
BRDA:37,28,1,120
BRDA:37,39,1,1
BRDA:37,50,1,1
BRDA:37,50,0,121
FN:9,System.Void gol.LocateLivingCells::.ctor()
FNDA:4,System.Void gol.LocateLivingCells::.ctor()
DA:10,4
DA:11,4
DA:12,4
DA:13,4
LF:23
LH:23
BRF:8
BRH:7
FNF:6
FNH:6
end_of_record
SF:C:\lab\coderetreat\verbsovernouns\gol\PrintGeneration.cs
FN:20,System.String gol.PrintGeneration::ToString()
FNDA:0,System.String gol.PrintGeneration::ToString()
DA:21,0
DA:22,0
DA:23,0
DA:25,0
DA:26,0
DA:27,0
DA:28,0
DA:30,0
DA:31,0
DA:33,0
DA:35,0
DA:36,0
DA:39,0
DA:40,0
BRDA:25,133,1,0
BRDA:27,71,0,0
BRDA:27,71,1,0
BRDA:30,96,0,0
BRDA:30,96,1,0
BRDA:25,133,0,0
FN:12,System.Void gol.PrintGeneration::.ctor(gol.EnumerateCells,gol.LocateLivingCells)
FNDA:0,System.Void gol.PrintGeneration::.ctor(gol.EnumerateCells,gol.LocateLivingCells)
DA:13,0
DA:14,0
DA:15,0
DA:16,0
DA:17,0
LF:19
LH:0
BRF:6
BRH:0
FNF:2
FNH:0
end_of_record
SF:C:\lab\coderetreat\verbsovernouns\gol\ProceedToNextGeneration.cs
FN:15,gol.LocateLivingCells gol.ProceedToNextGeneration::FromCurrentGeneration(gol.LocateLivingCells)
FNDA:1,gol.LocateLivingCells gol.ProceedToNextGeneration::FromCurrentGeneration(gol.LocateLivingCells)
DA:16,1
DA:17,1
DA:18,1
DA:20,245
DA:21,121
DA:22,121
DA:23,121
DA:24,121
DA:26,121
DA:27,121
DA:29,1
DA:30,1
BRDA:20,104,1,121
BRDA:20,104,0,1
FN:9,System.Void gol.ProceedToNextGeneration::.ctor(gol.EnumerateCells)
FNDA:1,System.Void gol.ProceedToNextGeneration::.ctor(gol.EnumerateCells)
DA:10,1
DA:11,1
DA:12,1
DA:13,1
LF:16
LH:16
BRF:2
BRH:2
FNF:2
FNH:2
end_of_record
SF:C:\lab\coderetreat\verbsovernouns\gol\Program.cs
FN:25,gol.LocateLivingCells gol.Program::Square()
FNDA:0,gol.LocateLivingCells gol.Program::Square()
DA:26,0
DA:27,0
DA:29,0
DA:30,0
DA:31,0
DA:33,0
DA:34,0
DA:35,0
DA:37,0
DA:38,0
DA:39,0
DA:41,0
DA:42,0
FN:44,gol.LocateLivingCells gol.Program::TenCellRow()
FNDA:0,gol.LocateLivingCells gol.Program::TenCellRow()
DA:45,0
DA:46,0
DA:48,0
DA:49,0
DA:50,0
DA:51,0
DA:52,0
DA:53,0
DA:54,0
DA:55,0
DA:56,0
DA:57,0
DA:59,0
DA:60,0
FN:8,System.Void gol.Program/<Main>d__0::MoveNext()
FNDA:0,System.Void gol.Program/<Main>d__0::MoveNext()
DA:9,0
DA:10,0
DA:11,0
DA:12,0
DA:14,0
DA:16,0
DA:17,0
DA:18,0
DA:19,0
DA:20,0
DA:21,0
DA:22,0
BRDA:19,132,0,0
BRDA:19,132,1,0
LF:39
LH:0
BRF:2
BRH:0
FNF:3
FNH:0
end_of_record